<?xml version="1.0" encoding="UTF-8"?>
<testng-results skipped="0" failed="0" ignored="0" total="1" passed="1">
  <reporter-output>
  </reporter-output>
  <suite name="Default suite" duration-ms="39244" started-at="2018-12-12T16:17:37Z" finished-at="2018-12-12T16:18:16Z">
    <groups>
    </groups>
    <test name="Default test" duration-ms="39244" started-at="2018-12-12T16:17:37Z" finished-at="2018-12-12T16:18:16Z">
      <class name="com.flipkart.Login.checkingCode">
        <test-method status="PASS" signature="setup()[pri:0, instance:com.flipkart.Login.checkingCode@7b69c6ba]" name="setup" is-config="true" duration-ms="10762" started-at="2018-12-12T16:17:37Z" finished-at="2018-12-12T16:17:48Z">
          <reporter-output>
          </reporter-output>
        </test-method> <!-- setup -->
        <test-method status="PASS" signature="beforeMethod(java.lang.reflect.Method)[pri:0, instance:com.flipkart.Login.checkingCode@7b69c6ba]" name="beforeMethod" is-config="true" duration-ms="8" started-at="2018-12-12T16:17:48Z" finished-at="2018-12-12T16:17:48Z">
          <params>
            <param index="0">
              <value>
                <![CDATA[public void com.flipkart.Login.checkingCode.checkCode() throws java.lang.InterruptedException]]>
              </value>
            </param>
          </params>
          <reporter-output>
          </reporter-output>
        </test-method> <!-- beforeMethod -->
        <test-method status="PASS" signature="checkCode()[pri:0, instance:com.flipkart.Login.checkingCode@7b69c6ba]" name="checkCode" duration-ms="25557" started-at="2018-12-12T16:17:48Z" finished-at="2018-12-12T16:18:14Z">
          <reporter-output>
          </reporter-output>
        </test-method> <!-- checkCode -->
        <test-method status="PASS" signature="afterMethod(org.testng.ITestResult)[pri:0, instance:com.flipkart.Login.checkingCode@7b69c6ba]" name="afterMethod" is-config="true" duration-ms="0" started-at="2018-12-12T16:18:14Z" finished-at="2018-12-12T16:18:14Z">
          <params>
            <param index="0">
              <value>
                <![CDATA[[TestResult name=checkCode status=SUCCESS method=checkingCode.checkCode()[pri:0, instance:com.flipkart.Login.checkingCode@7b69c6ba] output={null}]]]>
              </value>
            </param>
          </params>
          <reporter-output>
          </reporter-output>
        </test-method> <!-- afterMethod -->
        <test-method status="PASS" signature="endTest()[pri:0, instance:com.flipkart.Login.checkingCode@7b69c6ba]" name="endTest" is-config="true" duration-ms="2875" started-at="2018-12-12T16:18:14Z" finished-at="2018-12-12T16:18:16Z">
          <reporter-output>
          </reporter-output>
        </test-method> <!-- endTest -->
      </class> <!-- com.flipkart.Login.checkingCode -->
    </test> <!-- Default test -->
  </suite> <!-- Default suite -->
</testng-results>
